<?xml version="1.0" encoding="UTF-8"?>
<robot generator="Robot 4.1.3 (Python 3.8.2 on win32)" generated="20220113 03:37:02.869" rpa="false" schemaversion="2">
<suite id="s1" name="Paramast Profile Tc" source="C:\Users\Tan-PC\Workspaces\paramast_profile\paramast_profile_tc.robot">
<kw name="Open Browser" library="SeleniumLibrary" type="SETUP">
<arg>https://deviltarxd.github.io/</arg>
<arg>chrome</arg>
<doc>Opens a new browser instance to the optional ``url``.</doc>
<msg timestamp="20220113 03:37:03.005" level="INFO">Opening browser 'chrome' to base url 'https://deviltarxd.github.io/'.</msg>
<status status="PASS" starttime="20220113 03:37:03.005" endtime="20220113 03:37:04.574"/>
</kw>
<test id="s1-t1" name="Open Paramast profile">
<kw name="Title Should Be" library="SeleniumLibrary">
<arg>my-portfolio</arg>
<doc>Verifies that the current page title equals ``title``.</doc>
<msg timestamp="20220113 03:37:04.577" level="INFO">Page title is 'my-portfolio'.</msg>
<status status="PASS" starttime="20220113 03:37:04.574" endtime="20220113 03:37:04.577"/>
</kw>
<status status="PASS" starttime="20220113 03:37:04.574" endtime="20220113 03:37:04.577"/>
</test>
<test id="s1-t2" name="Verify Header">
<kw name="Page Should Contain Element" library="SeleniumLibrary">
<arg>class:snes-jp-logo</arg>
<doc>Verifies that element ``locator`` is found on the current page.</doc>
<msg timestamp="20220113 03:37:04.586" level="INFO">Current page contains element 'class:snes-jp-logo'.</msg>
<status status="PASS" starttime="20220113 03:37:04.578" endtime="20220113 03:37:04.586"/>
</kw>
<kw name="Page Should Contain" library="SeleniumLibrary">
<arg>Paramas</arg>
<doc>Verifies that current page contains ``text``.</doc>
<msg timestamp="20220113 03:37:04.594" level="INFO">Current page contains text 'Paramas'.</msg>
<status status="PASS" starttime="20220113 03:37:04.586" endtime="20220113 03:37:04.594"/>
</kw>
<status status="PASS" starttime="20220113 03:37:04.578" endtime="20220113 03:37:04.594"/>
</test>
<test id="s1-t3" name="Verify Introduce content">
<kw name="Page Should Contain Element" library="SeleniumLibrary">
<arg>class:nes-bcrikko</arg>
<doc>Verifies that element ``locator`` is found on the current page.</doc>
<msg timestamp="20220113 03:37:04.600" level="INFO">Current page contains element 'class:nes-bcrikko'.</msg>
<status status="PASS" starttime="20220113 03:37:04.595" endtime="20220113 03:37:04.600"/>
</kw>
<kw name="Page Should Contain" library="SeleniumLibrary">
<arg>I'm Paramas. This is everything about me.</arg>
<doc>Verifies that current page contains ``text``.</doc>
<msg timestamp="20220113 03:37:04.607" level="INFO">Current page contains text 'I'm Paramas. This is everything about me.'.</msg>
<status status="PASS" starttime="20220113 03:37:04.601" endtime="20220113 03:37:04.607"/>
</kw>
<status status="PASS" starttime="20220113 03:37:04.595" endtime="20220113 03:37:04.607"/>
</test>
<test id="s1-t4" name="Verify Things I do content">
<kw name="Page Should Contain" library="SeleniumLibrary">
<arg>Things I do</arg>
<doc>Verifies that current page contains ``text``.</doc>
<msg timestamp="20220113 03:37:04.615" level="INFO">Current page contains text 'Things I do'.</msg>
<status status="PASS" starttime="20220113 03:37:04.608" endtime="20220113 03:37:04.615"/>
</kw>
<kw name="Page Should Contain" library="SeleniumLibrary">
<arg>Web Develop</arg>
<doc>Verifies that current page contains ``text``.</doc>
<msg timestamp="20220113 03:37:04.621" level="INFO">Current page contains text 'Web Develop'.</msg>
<status status="PASS" starttime="20220113 03:37:04.615" endtime="20220113 03:37:04.622"/>
</kw>
<kw name="Page Should Contain" library="SeleniumLibrary">
<arg>Dev OPS</arg>
<doc>Verifies that current page contains ``text``.</doc>
<msg timestamp="20220113 03:37:04.629" level="INFO">Current page contains text 'Dev OPS'.</msg>
<status status="PASS" starttime="20220113 03:37:04.622" endtime="20220113 03:37:04.629"/>
</kw>
<status status="PASS" starttime="20220113 03:37:04.607" endtime="20220113 03:37:04.629"/>
</test>
<test id="s1-t5" name="Verify Frontend Knowledge content">
<kw name="Page Should Contain" library="SeleniumLibrary">
<arg>Frontend Knowledge</arg>
<doc>Verifies that current page contains ``text``.</doc>
<msg timestamp="20220113 03:37:04.637" level="INFO">Current page contains text 'Frontend Knowledge'.</msg>
<status status="PASS" starttime="20220113 03:37:04.630" endtime="20220113 03:37:04.637"/>
</kw>
<kw name="Page Should Contain" library="SeleniumLibrary">
<arg>HTML[5]</arg>
<doc>Verifies that current page contains ``text``.</doc>
<msg timestamp="20220113 03:37:04.643" level="INFO">Current page contains text 'HTML[5]'.</msg>
<status status="PASS" starttime="20220113 03:37:04.637" endtime="20220113 03:37:04.643"/>
</kw>
<kw name="Page Should Contain Element" library="SeleniumLibrary">
<arg>//*[@id="app"]/div/div[2]/div/div[2]/div[1]/div[1]/div[2]/progress</arg>
<doc>Verifies that element ``locator`` is found on the current page.</doc>
<msg timestamp="20220113 03:37:04.649" level="INFO">Current page contains element '//*[@id="app"]/div/div[2]/div/div[2]/div[1]/div[1]/div[2]/progress'.</msg>
<status status="PASS" starttime="20220113 03:37:04.644" endtime="20220113 03:37:04.649"/>
</kw>
<kw name="Page Should Contain" library="SeleniumLibrary">
<arg>Javascript</arg>
<doc>Verifies that current page contains ``text``.</doc>
<msg timestamp="20220113 03:37:04.655" level="INFO">Current page contains text 'Javascript'.</msg>
<status status="PASS" starttime="20220113 03:37:04.649" endtime="20220113 03:37:04.655"/>
</kw>
<kw name="Page Should Contain Element" library="SeleniumLibrary">
<arg>//*[@id="app"]/div/div[2]/div/div[2]/div[1]/div[2]/div[2]/progress</arg>
<doc>Verifies that element ``locator`` is found on the current page.</doc>
<msg timestamp="20220113 03:37:04.661" level="INFO">Current page contains element '//*[@id="app"]/div/div[2]/div/div[2]/div[1]/div[2]/div[2]/progress'.</msg>
<status status="PASS" starttime="20220113 03:37:04.656" endtime="20220113 03:37:04.662"/>
</kw>
<kw name="Page Should Contain" library="SeleniumLibrary">
<arg>Jquery</arg>
<doc>Verifies that current page contains ``text``.</doc>
<msg timestamp="20220113 03:37:04.669" level="INFO">Current page contains text 'Jquery'.</msg>
<status status="PASS" starttime="20220113 03:37:04.662" endtime="20220113 03:37:04.669"/>
</kw>
<kw name="Page Should Contain Element" library="SeleniumLibrary">
<arg>//*[@id="app"]/div/div[2]/div/div[2]/div[1]/div[3]/div[2]/progress</arg>
<doc>Verifies that element ``locator`` is found on the current page.</doc>
<msg timestamp="20220113 03:37:04.675" level="INFO">Current page contains element '//*[@id="app"]/div/div[2]/div/div[2]/div[1]/div[3]/div[2]/progress'.</msg>
<status status="PASS" starttime="20220113 03:37:04.669" endtime="20220113 03:37:04.675"/>
</kw>
<kw name="Page Should Contain" library="SeleniumLibrary">
<arg>CSS[3]</arg>
<doc>Verifies that current page contains ``text``.</doc>
<msg timestamp="20220113 03:37:04.681" level="INFO">Current page contains text 'CSS[3]'.</msg>
<status status="PASS" starttime="20220113 03:37:04.675" endtime="20220113 03:37:04.681"/>
</kw>
<kw name="Page Should Contain Element" library="SeleniumLibrary">
<arg>//*[@id="app"]/div/div[2]/div/div[2]/div[1]/div[4]/div[2]/progress</arg>
<doc>Verifies that element ``locator`` is found on the current page.</doc>
<msg timestamp="20220113 03:37:04.687" level="INFO">Current page contains element '//*[@id="app"]/div/div[2]/div/div[2]/div[1]/div[4]/div[2]/progress'.</msg>
<status status="PASS" starttime="20220113 03:37:04.682" endtime="20220113 03:37:04.687"/>
</kw>
<status status="PASS" starttime="20220113 03:37:04.629" endtime="20220113 03:37:04.687"/>
</test>
<test id="s1-t6" name="Verify Backend Knowledge content">
<kw name="Element Text Should Be" library="SeleniumLibrary">
<arg>//*[@id="app"]/div/div[2]/div/div[2]/div[2]/h3</arg>
<arg>ฺBackend Knowledge</arg>
<doc>Verifies that element ``locator`` contains exact the text ``expected``.</doc>
<msg timestamp="20220113 03:37:04.688" level="INFO">Verifying element '//*[@id="app"]/div/div[2]/div/div[2]/div[2]/h3' contains exact text 'ฺBackend Knowledge'.</msg>
<status status="PASS" starttime="20220113 03:37:04.688" endtime="20220113 03:37:04.700"/>
</kw>
<kw name="Page Should Contain" library="SeleniumLibrary">
<arg>PHP</arg>
<doc>Verifies that current page contains ``text``.</doc>
<msg timestamp="20220113 03:37:04.706" level="INFO">Current page contains text 'PHP'.</msg>
<status status="PASS" starttime="20220113 03:37:04.700" endtime="20220113 03:37:04.706"/>
</kw>
<kw name="Page Should Contain" library="SeleniumLibrary">
<arg>Docker</arg>
<doc>Verifies that current page contains ``text``.</doc>
<msg timestamp="20220113 03:37:04.713" level="INFO">Current page contains text 'Docker'.</msg>
<status status="PASS" starttime="20220113 03:37:04.706" endtime="20220113 03:37:04.713"/>
</kw>
<kw name="Page Should Contain" library="SeleniumLibrary">
<arg>Node. js</arg>
<doc>Verifies that current page contains ``text``.</doc>
<msg timestamp="20220113 03:37:04.719" level="INFO">Current page contains text 'Node. js'.</msg>
<status status="PASS" starttime="20220113 03:37:04.713" endtime="20220113 03:37:04.719"/>
</kw>
<status status="PASS" starttime="20220113 03:37:04.687" endtime="20220113 03:37:04.720"/>
</test>
<test id="s1-t7" name="Verify Other Knowledge content">
<kw name="Page Should Contain" library="SeleniumLibrary">
<arg>Other Knowledge</arg>
<doc>Verifies that current page contains ``text``.</doc>
<msg timestamp="20220113 03:37:04.727" level="INFO">Current page contains text 'Other Knowledge'.</msg>
<status status="PASS" starttime="20220113 03:37:04.720" endtime="20220113 03:37:04.727"/>
</kw>
<kw name="Page Should Contain" library="SeleniumLibrary">
<arg>Laravel</arg>
<doc>Verifies that current page contains ``text``.</doc>
<msg timestamp="20220113 03:37:04.733" level="INFO">Current page contains text 'Laravel'.</msg>
<status status="PASS" starttime="20220113 03:37:04.727" endtime="20220113 03:37:04.733"/>
</kw>
<kw name="Page Should Contain" library="SeleniumLibrary">
<arg>Vue</arg>
<doc>Verifies that current page contains ``text``.</doc>
<msg timestamp="20220113 03:37:04.740" level="INFO">Current page contains text 'Vue'.</msg>
<status status="PASS" starttime="20220113 03:37:04.733" endtime="20220113 03:37:04.740"/>
</kw>
<kw name="Page Should Contain" library="SeleniumLibrary">
<arg>Git</arg>
<doc>Verifies that current page contains ``text``.</doc>
<msg timestamp="20220113 03:37:04.747" level="INFO">Current page contains text 'Git'.</msg>
<status status="PASS" starttime="20220113 03:37:04.740" endtime="20220113 03:37:04.747"/>
</kw>
<kw name="Page Should Contain" library="SeleniumLibrary">
<arg>React</arg>
<doc>Verifies that current page contains ``text``.</doc>
<msg timestamp="20220113 03:37:04.753" level="INFO">Current page contains text 'React'.</msg>
<status status="PASS" starttime="20220113 03:37:04.747" endtime="20220113 03:37:04.753"/>
</kw>
<status status="PASS" starttime="20220113 03:37:04.720" endtime="20220113 03:37:04.753"/>
</test>
<test id="s1-t8" name="Verify Experience content">
<kw name="Element Text Should Be" library="SeleniumLibrary">
<arg>//*[@id="app"]/div/div[2]/div/div[2]/h3</arg>
<arg>Experience</arg>
<doc>Verifies that element ``locator`` contains exact the text ``expected``.</doc>
<msg timestamp="20220113 03:37:04.754" level="INFO">Verifying element '//*[@id="app"]/div/div[2]/div/div[2]/h3' contains exact text 'Experience'.</msg>
<status status="PASS" starttime="20220113 03:37:04.754" endtime="20220113 03:37:04.766"/>
</kw>
<status status="PASS" starttime="20220113 03:37:04.754" endtime="20220113 03:37:04.766"/>
</test>
<test id="s1-t9" name="Verify 1st Experience content">
<kw name="Element Text Should Be" library="SeleniumLibrary">
<arg>//*[@id="app"]/div/div[2]/div/div[2]/div[4]/div[1]/div[2]/h3</arg>
<arg>PRINCE OF SONGKLA UNIVERSITY, PHUKET CAMPUS</arg>
<doc>Verifies that element ``locator`` contains exact the text ``expected``.</doc>
<msg timestamp="20220113 03:37:04.767" level="INFO">Verifying element '//*[@id="app"]/div/div[2]/div/div[2]/div[4]/div[1]/div[2]/h3' contains exact text 'PRINCE OF SONGKLA UNIVERSITY, PHUKET CAMPUS'.</msg>
<status status="PASS" starttime="20220113 03:37:04.767" endtime="20220113 03:37:04.779"/>
</kw>
<kw name="Element Text Should Be" library="SeleniumLibrary">
<arg>//*[@id="app"]/div/div[2]/div/div[2]/div[4]/div[1]/div[2]/p[1]</arg>
<arg>Technology and Environment (Information Technology) Majors</arg>
<doc>Verifies that element ``locator`` contains exact the text ``expected``.</doc>
<msg timestamp="20220113 03:37:04.780" level="INFO">Verifying element '//*[@id="app"]/div/div[2]/div/div[2]/div[4]/div[1]/div[2]/p[1]' contains exact text 'Technology and Environment (Information Technology) Majors'.</msg>
<status status="PASS" starttime="20220113 03:37:04.779" endtime="20220113 03:37:04.791"/>
</kw>
<kw name="Element Text Should Be" library="SeleniumLibrary">
<arg>//*[@id="app"]/div/div[2]/div/div[2]/div[4]/div[1]/div[2]/p[2]</arg>
<arg>GPA: 2.97/4.00</arg>
<doc>Verifies that element ``locator`` contains exact the text ``expected``.</doc>
<msg timestamp="20220113 03:37:04.791" level="INFO">Verifying element '//*[@id="app"]/div/div[2]/div/div[2]/div[4]/div[1]/div[2]/p[2]' contains exact text 'GPA: 2.97/4.00'.</msg>
<status status="PASS" starttime="20220113 03:37:04.791" endtime="20220113 03:37:04.802"/>
</kw>
<kw name="Element Text Should Be" library="SeleniumLibrary">
<arg>//*[@id="app"]/div/div[2]/div/div[2]/div[4]/div[1]/div[2]/p[3]</arg>
<arg>2012 - 2015</arg>
<doc>Verifies that element ``locator`` contains exact the text ``expected``.</doc>
<msg timestamp="20220113 03:37:04.802" level="INFO">Verifying element '//*[@id="app"]/div/div[2]/div/div[2]/div[4]/div[1]/div[2]/p[3]' contains exact text '2012 - 2015'.</msg>
<status status="PASS" starttime="20220113 03:37:04.802" endtime="20220113 03:37:04.814"/>
</kw>
<status status="PASS" starttime="20220113 03:37:04.767" endtime="20220113 03:37:04.814"/>
</test>
<test id="s1-t10" name="Verify Footer">
<kw name="Element Text Should Be" library="SeleniumLibrary">
<arg>//*[@id="app"]/div/div[3]/div/div</arg>
<arg>Using NES.css 2019</arg>
<doc>Verifies that element ``locator`` contains exact the text ``expected``.</doc>
<msg timestamp="20220113 03:37:04.815" level="INFO">Verifying element '//*[@id="app"]/div/div[3]/div/div' contains exact text 'Using NES.css 2019'.</msg>
<status status="PASS" starttime="20220113 03:37:04.815" endtime="20220113 03:37:04.827"/>
</kw>
<status status="PASS" starttime="20220113 03:37:04.814" endtime="20220113 03:37:04.827"/>
</test>
<test id="s1-t11" name="Verify Instagram Navigation">
<kw name="Click Element" library="SeleniumLibrary">
<arg>//*[@id="app"]/div/div[2]/div/div[1]/div[2]/div[2]/a[1]/i</arg>
<doc>Click the element identified by ``locator``.</doc>
<msg timestamp="20220113 03:37:04.828" level="INFO">Clicking element '//*[@id="app"]/div/div[2]/div/div[1]/div[2]/div[2]/a[1]/i'.</msg>
<status status="PASS" starttime="20220113 03:37:04.828" endtime="20220113 03:37:06.654"/>
</kw>
<kw name="Wait Until Element Is Visible" library="SeleniumLibrary">
<arg>id:loginForm</arg>
<doc>Waits until the element ``locator`` is visible.</doc>
<status status="PASS" starttime="20220113 03:37:06.654" endtime="20220113 03:37:07.087"/>
</kw>
<kw name="Page Should Contain Element" library="SeleniumLibrary">
<arg>//*[@id="loginForm"]/div/div[5]/button/span[2]</arg>
<arg>Log in with Facebook</arg>
<doc>Verifies that element ``locator`` is found on the current page.</doc>
<msg timestamp="20220113 03:37:07.094" level="INFO">Current page contains element '//*[@id="loginForm"]/div/div[5]/button/span[2]'.</msg>
<status status="PASS" starttime="20220113 03:37:07.088" endtime="20220113 03:37:07.094"/>
</kw>
<kw name="Close All Browsers" library="SeleniumLibrary">
<doc>Closes all open browsers and resets the browser cache.</doc>
<status status="PASS" starttime="20220113 03:37:07.094" endtime="20220113 03:37:09.153"/>
</kw>
<status status="PASS" starttime="20220113 03:37:04.827" endtime="20220113 03:37:09.154"/>
</test>
<test id="s1-t12" name="Verify Twitter Navigation">
<kw name="Open Browser" library="SeleniumLibrary">
<arg>https://deviltarxd.github.io/</arg>
<arg>chrome</arg>
<doc>Opens a new browser instance to the optional ``url``.</doc>
<msg timestamp="20220113 03:37:09.155" level="INFO">Opening browser 'chrome' to base url 'https://deviltarxd.github.io/'.</msg>
<status status="PASS" starttime="20220113 03:37:09.154" endtime="20220113 03:37:10.713"/>
</kw>
<kw name="Click Element" library="SeleniumLibrary">
<arg>//*[@id="app"]/div/div[2]/div/div[1]/div[2]/div[2]/a[2]/i</arg>
<doc>Click the element identified by ``locator``.</doc>
<msg timestamp="20220113 03:37:10.714" level="INFO">Clicking element '//*[@id="app"]/div/div[2]/div/div[1]/div[2]/div[2]/a[2]/i'.</msg>
<status status="PASS" starttime="20220113 03:37:10.714" endtime="20220113 03:37:12.515"/>
</kw>
<kw name="Title Should Be" library="SeleniumLibrary">
<arg>PorPePor (@WhoIsPor) / Twitter</arg>
<doc>Verifies that the current page title equals ``title``.</doc>
<msg timestamp="20220113 03:37:12.518" level="INFO">Page title is 'PorPePor (@WhoIsPor) / Twitter'.</msg>
<status status="PASS" starttime="20220113 03:37:12.515" endtime="20220113 03:37:12.518"/>
</kw>
<kw name="Wait Until Location Contains" library="SeleniumLibrary">
<arg>https://twitter.com/WhoIsPor</arg>
<arg>none</arg>
<arg>PorPePor</arg>
<doc>Waits until the current URL contains ``expected``.</doc>
<status status="PASS" starttime="20220113 03:37:12.518" endtime="20220113 03:37:12.520"/>
</kw>
<kw name="Close All Browsers" library="SeleniumLibrary">
<doc>Closes all open browsers and resets the browser cache.</doc>
<status status="PASS" starttime="20220113 03:37:12.520" endtime="20220113 03:37:14.588"/>
</kw>
<status status="PASS" starttime="20220113 03:37:09.154" endtime="20220113 03:37:14.588"/>
</test>
<test id="s1-t13" name="Verify Facebook Navigation">
<kw name="Open Browser" library="SeleniumLibrary">
<arg>https://deviltarxd.github.io/</arg>
<arg>chrome</arg>
<doc>Opens a new browser instance to the optional ``url``.</doc>
<msg timestamp="20220113 03:37:14.590" level="INFO">Opening browser 'chrome' to base url 'https://deviltarxd.github.io/'.</msg>
<status status="PASS" starttime="20220113 03:37:14.590" endtime="20220113 03:37:16.134"/>
</kw>
<kw name="Click Element" library="SeleniumLibrary">
<arg>//*[@id="app"]/div/div[2]/div/div[1]/div[2]/div[2]/a[3]/i</arg>
<doc>Click the element identified by ``locator``.</doc>
<msg timestamp="20220113 03:37:16.134" level="INFO">Clicking element '//*[@id="app"]/div/div[2]/div/div[1]/div[2]/div[2]/a[3]/i'.</msg>
<status status="PASS" starttime="20220113 03:37:16.134" endtime="20220113 03:37:17.913"/>
</kw>
<kw name="Wait Until Location Contains" library="SeleniumLibrary">
<arg>https://web.facebook.com/paramas.wae</arg>
<arg>none</arg>
<arg>Paramest Waewsuwan</arg>
<doc>Waits until the current URL contains ``expected``.</doc>
<status status="PASS" starttime="20220113 03:37:17.913" endtime="20220113 03:37:17.915"/>
</kw>
<status status="PASS" starttime="20220113 03:37:14.589" endtime="20220113 03:37:17.916"/>
</test>
<kw name="Close All Browsers" library="SeleniumLibrary" type="TEARDOWN">
<doc>Closes all open browsers and resets the browser cache.</doc>
<status status="PASS" starttime="20220113 03:37:17.917" endtime="20220113 03:37:19.962"/>
</kw>
<status status="PASS" starttime="20220113 03:37:02.870" endtime="20220113 03:37:19.962"/>
</suite>
<statistics>
<total>
<stat pass="13" fail="0" skip="0">All Tests</stat>
</total>
<tag>
</tag>
<suite>
<stat pass="13" fail="0" skip="0" id="s1" name="Paramast Profile Tc">Paramast Profile Tc</stat>
</suite>
</statistics>
<errors>
</errors>
</robot>
